1 28
2 62
3 86
4 120
5 17
6 25
7 91
8 42
9 72
10 60
11 50
12 118
13 20
14 5
15 100
16 36
17 31
18 18
19 89
20 19
21 109
22 99
23 51
24 97
25 46
26 15
27 127
28 79
29 87
30 3
31 70
32 88
33 49
34 107
35 123
36 85
37 116
38 26
39 111
40 117
41 43
42 122
43 44
44 84
45 55
46 30
47 108
48 9
49 11
50 33
51 74
52 29
53 53
54 8
55 128
56 56
57 106
58 7
59 4
60 93
61 59
62 23
63 35
64 81
65 6
66 112
67 68
68 92
69 27
70 45
71 37
72 21
73 114
74 104
75 98
76 80
77 10
78 94
79 32
80 67
81 58
82 121
83 52
84 126
85 77
86 24
87 78
88 22
89 83
90 105
91 76
92 47
93 16
94 34
95 65
96 119
97 125
98 40
99 90
100 113
101 61
102 96
103 64
104 1
105 48
106 38
107 63
108 82
109 66
110 115
111 41
112 95
113 14
114 71
115 54
116 73
117 110
118 101
119 124
120 12
121 39
122 57
123 2
124 103
125 69
126 102
127 75
128 13
